Arguments: 
  /home/taye/.nvm/versions/node/v16.13.2/bin/node /home/taye/.yarn/bin/yarn.js add cookiesession

PATH: 
  /home/taye/.yarn/bin:/home/taye/.config/yarn/global/node_modules/.bin:/home/taye/.local/bin:/home/taye/.yarn/bin:/home/taye/.config/yarn/global/node_modules/.bin:/home/taye/.nvm/versions/node/v16.13.2/bin:/home/taye/.local/bin:/usr/local/sbin:/usr/local/bin:/usr/sbin:/usr/bin:/sbin:/bin:/usr/games:/usr/local/games:/snap/bin

Yarn version: 
  1.22.19

Node version: 
  16.13.2

Platform: 
  linux x64

Trace: 
  Error: https://registry.yarnpkg.com/cookiesession: Not found
      at Request.params.callback [as _callback] (/home/taye/.yarn/lib/cli.js:66145:18)
      at Request.self.callback (/home/taye/.yarn/lib/cli.js:140890:22)
      at Request.emit (node:events:390:28)
      at Request.<anonymous> (/home/taye/.yarn/lib/cli.js:141862:10)
      at Request.emit (node:events:390:28)
      at IncomingMessage.<anonymous> (/home/taye/.yarn/lib/cli.js:141784:12)
      at Object.onceWrapper (node:events:509:28)
      at IncomingMessage.emit (node:events:402:35)
      at endReadableNT (node:internal/streams/readable:1343:12)
      at processTicksAndRejections (node:internal/process/task_queues:83:21)

npm manifest: 
  {
    "name": "backend",
    "version": "1.0.0",
    "description": "",
    "main": "index.ts",
    "scripts": {
      "start": "ts-node-dev src/index.ts"
    },
    "keywords": [],
    "author": "",
    "license": "ISC",
    "devDependencies": {
      "@types/cookie-parser": "^1.4.3",
      "@types/cors": "^2.8.12",
      "@types/express": "^4.17.13",
      "@types/express-mongo-sanitize": "^2.1.0",
      "@types/express-rate-limit": "^6.0.0",
      "@types/hpp": "^0.2.2",
      "@types/jsonwebtoken": "^8.5.8",
      "@types/node": "^17.0.41",
      "ts-node": "^10.8.1",
      "ts-node-dev": "^2.0.0",
      "typescript": "^4.7.3"
    },
    "dependencies": {
      "@celo/contractkit": "^2.0.0",
      "axios": "^0.27.2",
      "cookie-parser": "^1.4.6",
      "cors": "^2.8.5",
      "dotenv": "^16.0.1",
      "express": "^4.18.1",
      "express-mongo-sanitize": "^2.2.0",
      "express-rate-limit": "^6.4.0",
      "express-validator": "^6.14.1",
      "hpp": "^0.2.3",
      "jsonwebtoken": "^8.5.1",
      "moment": "^2.29.3",
      "mongoose": "^6.3.6",
      "web3": "^1.7.3",
      "xss-clean": "^0.1.1"
    }
  }

yarn manifest: 
  No manifest

Lockfile: 
  No lockfile
